<?xml version="1.0" encoding="UTF-8" ?>
<<<<<<< Updated upstream
<testsuite tests="1" failures="0" name="twitter.twitter.example.HelloWorldTest" time="0.074" errors="0" skipped="0">
=======
<testsuite tests="1" failures="0" name="twitter.twitter.example.HelloWorldTest" time="0.046" errors="1" skipped="0">
>>>>>>> Stashed changes
  <properties>
    <property name="java.runtime.name" value="OpenJDK Runtime Environment"/>
    <property name="java.vm.version" value="16.0.2+7-67"/>
    <property name="sun.boot.library.path" value="C:\Program Files\Java\jdk-16.0.2\bin"/>
    <property name="maven.multiModuleProjectDirectory" value="C:\Users\mawix\Documents\AGO_DIC2021\APPS WEB\ProyectoFinal\NotTwitter"/>
    <property name="java.vm.vendor" value="Oracle Corporation"/>
    <property name="java.vendor.url" value="https://java.oracle.com/"/>
    <property name="guice.disable.misplaced.annotation.check" value="true"/>
    <property name="path.separator" value=";"/>
    <property name="java.vm.name" value="OpenJDK 64-Bit Server VM"/>
    <property name="sun.os.patch.level" value=""/>
    <property name="user.script" value=""/>
    <property name="user.country" value="MX"/>
    <property name="sun.java.launcher" value="SUN_STANDARD"/>
    <property name="java.vm.specification.name" value="Java Virtual Machine Specification"/>
    <property name="user.dir" value="C:\Users\mawix\Documents\AGO_DIC2021\APPS WEB\ProyectoFinal\NotTwitter"/>
    <property name="java.vm.compressedOopsMode" value="Zero based"/>
    <property name="java.runtime.version" value="16.0.2+7-67"/>
    <property name="os.arch" value="amd64"/>
    <property name="java.io.tmpdir" value="C:\Users\mawix\AppData\Local\Temp\"/>
    <property name="line.separator" value="
"/>
    <property name="java.vm.specification.vendor" value="Oracle Corporation"/>
    <property name="user.variant" value=""/>
    <property name="os.name" value="Windows 10"/>
<<<<<<< Updated upstream
    <property name="classworlds.conf" value="C:\Users\mawix\eclipse-workspace\.metadata\.plugins\org.eclipse.m2e.launching\launches\m2conf2796274894029854391.tmp"/>
=======
    <property name="classworlds.conf" value="C:\Users\mawix\eclipse-workspace\.metadata\.plugins\org.eclipse.m2e.launching\launches\m2conf8713097676056688597.tmp"/>
>>>>>>> Stashed changes
    <property name="sun.jnu.encoding" value="Cp1252"/>
    <property name="java.library.path" value="C:\Program Files\Java\jdk-16.0.2\bin;C:\Windows\Sun\Java\bin;C:\Windows\system32;C:\Windows;C:/Program Files/Java/jdk-16.0.2/bin/server;C:/Program Files/Java/jdk-16.0.2/bin;C:\Program Files\Java\jdk-16.0.2\bin;C:\Program Files\Java\jdk-16.0.2;C:\Users\mawix\Documents\AGO_DIC2021\APPS WEB\apache-tomcat-9.0.52\bin;C:\Windows\system32;C:\Windows;C:\Windows\System32\Wbem;C:\Windows\System32\WindowsPowerShell\v1.0\;C:\Windows\System32\OpenSSH\;C:\Program Files (x86)\NVIDIA Corporation\PhysX\Common;C:\Program Files\NVIDIA Corporation\NVIDIA NvDLISR;C:\Program Files\CodeBlocks\MinGW\bin;C:\Program Files\Git\cmd;C:\Program Files\MySQL\MySQL Shell 8.0\bin\;C:\Users\mawix\AppData\Local\Programs\Python\Python39\Scripts\;C:\Users\mawix\AppData\Local\Programs\Python\Python39\;C:\Users\mawix\AppData\Local\Microsoft\WindowsApps;C:\Program Files\Git\bin;C:\Users\mawix\AppData\Local\GitHubDesktop\bin;C:\Users\mawix\AppData\Local\atom\bin;C:\Program Files\swipl\bin;C:\Windows\System32;;."/>
    <property name="jdk.debug" value="release"/>
    <property name="java.class.version" value="60.0"/>
    <property name="java.specification.name" value="Java Platform API Specification"/>
    <property name="sun.management.compiler" value="HotSpot 64-Bit Tiered Compilers"/>
    <property name="os.version" value="10.0"/>
    <property name="user.home" value="C:\Users\mawix"/>
    <property name="user.timezone" value="America/Mexico_City"/>
    <property name="file.encoding" value="Cp1252"/>
    <property name="java.specification.version" value="16"/>
    <property name="user.name" value="mawix"/>
    <property name="java.class.path" value="C:\Users\mawix\.p2\pool\plugins\org.eclipse.m2e.maven.runtime_1.18.0.20210603-1206\jars\plexus-classworlds-2.6.0.jar"/>
    <property name="java.vm.specification.version" value="16"/>
    <property name="sun.arch.data.model" value="64"/>
    <property name="sun.java.command" value="org.codehaus.plexus.classworlds.launcher.Launcher -B install"/>
    <property name="java.home" value="C:\Program Files\Java\jdk-16.0.2"/>
    <property name="user.language" value="es"/>
    <property name="java.specification.vendor" value="Oracle Corporation"/>
    <property name="java.vm.info" value="mixed mode, sharing"/>
    <property name="java.version" value="16.0.2"/>
    <property name="java.vendor" value="Oracle Corporation"/>
    <property name="maven.home" value="C:\Users\mawix\Documents\AGO_DIC2021\APPS WEB\ProyectoFinal\NotTwitter\EMBEDDED"/>
    <property name="file.separator" value="\"/>
    <property name="java.version.date" value="2021-07-20"/>
    <property name="java.vendor.url.bug" value="https://bugreport.java.com/bugreport/"/>
    <property name="sun.io.unicode.encoding" value="UnicodeLittle"/>
    <property name="sun.cpu.endian" value="little"/>
    <property name="sun.cpu.isalist" value="amd64"/>
  </properties>
<<<<<<< Updated upstream
  <testcase classname="twitter.twitter.example.HelloWorldTest" name="testHelloWorld" time="0.074"/>
=======
  <testcase classname="twitter.twitter.example.HelloWorldTest" name="testHelloWorld" time="0.046">
    <error type="Unable">Unable to load configuration. - [unknown location]
	at org.apache.struts2.dispatcher.Dispatcher.init(Dispatcher.java:509)
	at org.apache.struts2.util.StrutsTestCaseHelper.initDispatcher(StrutsTestCaseHelper.java:44)
	at org.apache.struts2.StrutsTestCase.initDispatcher(StrutsTestCase.java:236)
	at org.apache.struts2.StrutsTestCase.setUp(StrutsTestCase.java:216)
	at junit.framework.TestCase.runBare(TestCase.java:139)
	at junit.framework.TestResult$1.protect(TestResult.java:122)
	at junit.framework.TestResult.runProtected(TestResult.java:142)
	at junit.framework.TestResult.run(TestResult.java:125)
	at junit.framework.TestCase.run(TestCase.java:129)
	at junit.framework.TestSuite.runTest(TestSuite.java:252)
	at junit.framework.TestSuite.run(TestSuite.java:247)
	at org.junit.internal.runners.JUnit38ClassRunner.run(JUnit38ClassRunner.java:86)
	at org.apache.maven.surefire.junit4.JUnit4Provider.execute(JUnit4Provider.java:252)
	at org.apache.maven.surefire.junit4.JUnit4Provider.executeTestSet(JUnit4Provider.java:141)
	at org.apache.maven.surefire.junit4.JUnit4Provider.invoke(JUnit4Provider.java:112)
	at java.base/jdk.internal.reflect.NativeMethodAccessorImpl.invoke0(Native Method)
	at java.base/jdk.internal.reflect.NativeMethodAccessorImpl.invoke(NativeMethodAccessorImpl.java:78)
	at java.base/jdk.internal.reflect.DelegatingMethodAccessorImpl.invoke(DelegatingMethodAccessorImpl.java:43)
	at java.base/java.lang.reflect.Method.invoke(Method.java:567)
	at org.apache.maven.surefire.util.ReflectionUtils.invokeMethodWithArray(ReflectionUtils.java:189)
	at org.apache.maven.surefire.booter.ProviderFactory$ProviderProxy.invoke(ProviderFactory.java:165)
	at org.apache.maven.surefire.booter.ProviderFactory.invokeProvider(ProviderFactory.java:85)
	at org.apache.maven.surefire.booter.ForkedBooter.runSuitesInProcess(ForkedBooter.java:115)
	at org.apache.maven.surefire.booter.ForkedBooter.main(ForkedBooter.java:75)
Caused by: Unable to load configuration. - [unknown location]
	at com.opensymphony.xwork2.config.ConfigurationManager.getConfiguration(ConfigurationManager.java:69)
	at org.apache.struts2.dispatcher.Dispatcher.getContainer(Dispatcher.java:959)
	at org.apache.struts2.dispatcher.Dispatcher.init_PreloadConfiguration(Dispatcher.java:463)
	at org.apache.struts2.dispatcher.Dispatcher.init(Dispatcher.java:496)
	... 23 more
Caused by: Parent package is not defined: json-default - [unknown location]
	at com.opensymphony.xwork2.config.providers.XmlConfigurationProvider.buildPackageContext(XmlConfigurationProvider.java:689)
	at com.opensymphony.xwork2.config.providers.XmlConfigurationProvider.addPackage(XmlConfigurationProvider.java:539)
	at com.opensymphony.xwork2.config.providers.XmlConfigurationProvider.loadPackages(XmlConfigurationProvider.java:326)
	at org.apache.struts2.config.StrutsXmlConfigurationProvider.loadPackages(StrutsXmlConfigurationProvider.java:108)
	at com.opensymphony.xwork2.config.impl.DefaultConfiguration.reloadContainer(DefaultConfiguration.java:196)
	at com.opensymphony.xwork2.config.ConfigurationManager.getConfiguration(ConfigurationManager.java:66)
	... 26 more
</error>
    <system-out>2021-11-29 17:58:06,364 ERROR [main] dispatcher.Dispatcher (Dispatcher.java:508) - Dispatcher initialization failed
com.opensymphony.xwork2.config.ConfigurationException: Unable to load configuration.
	at com.opensymphony.xwork2.config.ConfigurationManager.getConfiguration(ConfigurationManager.java:69) ~[struts2-core-2.5.22.jar:2.5.22]
	at org.apache.struts2.dispatcher.Dispatcher.getContainer(Dispatcher.java:959) ~[struts2-core-2.5.22.jar:2.5.22]
	at org.apache.struts2.dispatcher.Dispatcher.init_PreloadConfiguration(Dispatcher.java:463) ~[struts2-core-2.5.22.jar:2.5.22]
	at org.apache.struts2.dispatcher.Dispatcher.init(Dispatcher.java:496) [struts2-core-2.5.22.jar:2.5.22]
	at org.apache.struts2.util.StrutsTestCaseHelper.initDispatcher(StrutsTestCaseHelper.java:44) [struts2-core-2.5.22.jar:2.5.22]
	at org.apache.struts2.StrutsTestCase.initDispatcher(StrutsTestCase.java:236) [struts2-junit-plugin-2.5.22.jar:2.5.22]
	at org.apache.struts2.StrutsTestCase.setUp(StrutsTestCase.java:216) [struts2-junit-plugin-2.5.22.jar:2.5.22]
	at junit.framework.TestCase.runBare(TestCase.java:139) [junit-4.12.jar:4.12]
	at junit.framework.TestResult$1.protect(TestResult.java:122) [junit-4.12.jar:4.12]
	at junit.framework.TestResult.runProtected(TestResult.java:142) [junit-4.12.jar:4.12]
	at junit.framework.TestResult.run(TestResult.java:125) [junit-4.12.jar:4.12]
	at junit.framework.TestCase.run(TestCase.java:129) [junit-4.12.jar:4.12]
	at junit.framework.TestSuite.runTest(TestSuite.java:252) [junit-4.12.jar:4.12]
	at junit.framework.TestSuite.run(TestSuite.java:247) [junit-4.12.jar:4.12]
	at org.junit.internal.runners.JUnit38ClassRunner.run(JUnit38ClassRunner.java:86) [junit-4.12.jar:4.12]
	at org.apache.maven.surefire.junit4.JUnit4Provider.execute(JUnit4Provider.java:252) [surefire-junit4-2.12.4.jar:2.12.4]
	at org.apache.maven.surefire.junit4.JUnit4Provider.executeTestSet(JUnit4Provider.java:141) [surefire-junit4-2.12.4.jar:2.12.4]
	at org.apache.maven.surefire.junit4.JUnit4Provider.invoke(JUnit4Provider.java:112) [surefire-junit4-2.12.4.jar:2.12.4]
	at jdk.internal.reflect.NativeMethodAccessorImpl.invoke0(Native Method) ~[?:?]
	at jdk.internal.reflect.NativeMethodAccessorImpl.invoke(NativeMethodAccessorImpl.java:78) ~[?:?]
	at jdk.internal.reflect.DelegatingMethodAccessorImpl.invoke(DelegatingMethodAccessorImpl.java:43) ~[?:?]
	at java.lang.reflect.Method.invoke(Method.java:567) ~[?:?]
	at org.apache.maven.surefire.util.ReflectionUtils.invokeMethodWithArray(ReflectionUtils.java:189) [surefire-api-2.12.4.jar:2.12.4]
	at org.apache.maven.surefire.booter.ProviderFactory$ProviderProxy.invoke(ProviderFactory.java:165) [surefire-booter-2.12.4.jar:2.12.4]
	at org.apache.maven.surefire.booter.ProviderFactory.invokeProvider(ProviderFactory.java:85) [surefire-booter-2.12.4.jar:2.12.4]
	at org.apache.maven.surefire.booter.ForkedBooter.runSuitesInProcess(ForkedBooter.java:115) [surefire-booter-2.12.4.jar:2.12.4]
	at org.apache.maven.surefire.booter.ForkedBooter.main(ForkedBooter.java:75) [surefire-booter-2.12.4.jar:2.12.4]
Caused by: com.opensymphony.xwork2.config.ConfigurationException: Parent package is not defined: json-default
	at com.opensymphony.xwork2.config.providers.XmlConfigurationProvider.buildPackageContext(XmlConfigurationProvider.java:689) ~[struts2-core-2.5.22.jar:2.5.22]
	at com.opensymphony.xwork2.config.providers.XmlConfigurationProvider.addPackage(XmlConfigurationProvider.java:539) ~[struts2-core-2.5.22.jar:2.5.22]
	at com.opensymphony.xwork2.config.providers.XmlConfigurationProvider.loadPackages(XmlConfigurationProvider.java:326) ~[struts2-core-2.5.22.jar:2.5.22]
	at org.apache.struts2.config.StrutsXmlConfigurationProvider.loadPackages(StrutsXmlConfigurationProvider.java:108) ~[struts2-core-2.5.22.jar:2.5.22]
	at com.opensymphony.xwork2.config.impl.DefaultConfiguration.reloadContainer(DefaultConfiguration.java:196) ~[struts2-core-2.5.22.jar:2.5.22]
	at com.opensymphony.xwork2.config.ConfigurationManager.getConfiguration(ConfigurationManager.java:66) ~[struts2-core-2.5.22.jar:2.5.22]
	... 26 more
</system-out>
  </testcase>
>>>>>>> Stashed changes
</testsuite>